<?xml version="1.0" encoding="UTF-8"?>
<!-- Generated by org.testng.reporters.JUnitXMLReporter -->
<testsuite ignored="0" hostname="alinapious" failures="0" tests="3" name="Parallel Test5" time="149.911" errors="0" timestamp="2025-03-13T12:47:54 IST">
  <testcase classname="testPackage.ContactsTest" name="createcontact" time="33.722"/>
  <testcase classname="testPackage.ContactsTest" name="createcontact" time="25.844"/>
  <testcase classname="testPackage.ContactsTest" name="createcontact" time="18.878"/>
</testsuite> <!-- Parallel Test5 -->
