<?xml version="1.0" encoding="UTF-8"?>
<!-- Generated by org.testng.reporters.JUnitXMLReporter -->
<testsuite ignored="0" hostname="alinapious" failures="0" tests="3" name="Test3" time="81.776" errors="0" timestamp="2025-03-17T14:16:15 IST">
  <testcase classname="testPackage.ContactsTest" name="createcontact" time="23.482"/>
  <testcase classname="testPackage.ContactsTest" name="createcontact" time="0.0">
    <skipped/>
  </testcase> <!-- createcontact -->
  <testcase classname="testPackage.ContactsTest" name="createcontact" time="0.0">
    <skipped/>
  </testcase> <!-- createcontact -->
</testsuite> <!-- Test3 -->
