<?xml version="1.0" encoding="UTF-8"?>
<!-- Generated by org.testng.reporters.JUnitXMLReporter -->
<testsuite ignored="0" hostname="alinapious" failures="0" tests="3" name="Test1" time="178.495" errors="0" timestamp="2025-03-17T14:17:51 IST">
  <testcase classname="testPackage.ContactsTest" name="createcontact" time="32.893"/>
  <testcase classname="testPackage.ContactsTest" name="createcontact" time="24.488"/>
  <testcase classname="testPackage.ContactsTest" name="createcontact" time="16.044"/>
</testsuite> <!-- Test1 -->
