<?xml version="1.0" encoding="UTF-8"?>
<!-- Generated by org.testng.reporters.JUnitXMLReporter -->
<testsuite ignored="0" hostname="alinapious" failures="0" tests="3" name="Contact Test" time="71.609" errors="0" timestamp="2025-03-14T14:10:02 IST">
  <testcase classname="testPackage.ContactsTest" name="createcontact" time="13.795"/>
  <testcase classname="testPackage.ContactsTest" name="createcontact" time="18.264"/>
  <testcase classname="testPackage.ContactsTest" name="createcontact" time="13.239"/>
</testsuite> <!-- Contact Test -->
