<?xml version="1.0" encoding="UTF-8"?>
<testsuite xmlns:xsi="http://www.w3.org/2001/XMLSchema-instance" xsi:noNamespaceSchemaLocation="https://maven.apache.org/surefire/maven-surefire-plugin/xsd/surefire-test-report.xsd" version="3.0.2" name="TestSuite" time="179.481" tests="12" errors="0" skipped="2" failures="3">
  <properties>
[...]
</properties>
  <testcase name="createcontact[Dr., Helen, TJK, Self Generated, Psychatrist, helen@gmail.com, 8986773456, Health](1)" classname="testPackage.ContactsTest" time="17.791">
    <system-err><![CDATA[SLF4J(W): No SLF4J providers were found.
SLF4J(W): Defaulting to no-operation (NOP) logger implementation
SLF4J(W): See https://www.slf4j.org/codes.html#noProviders for further details.
Mar 17, 2025 2:14:57 PM org.openqa.selenium.devtools.CdpVersionFinder findNearestMatch
WARNING: Unable to find an exact match for CDP version 134, returning the closest version; found: 131; Please update to a Selenium version that supports CDP version 134
Mar 17, 2025 2:15:01 PM org.openqa.selenium.devtools.CdpVersionFinder findNearestMatch
WARNING: Unable to find an exact match for CDP version 134, returning the closest version; found: 131; Please update to a Selenium version that supports CDP version 134
Mar 17, 2025 2:15:08 PM org.openqa.selenium.firefox.FirefoxDriver <init>
WARNING: CDP support for Firefox is deprecated and will be removed in future versions. Please switch to WebDriver BiDi.
]]></system-err>
  </testcase>
  <testcase name="createcontact[Dr., Helen, TJK, Self Generated, Psychatrist, helen@gmail.com, 8986773456, Health](1)" classname="testPackage.ContactsTest" time="24.69">
    <system-err><![CDATA[Mar 17, 2025 2:15:47 PM org.openqa.selenium.firefox.FirefoxDriver <init>
WARNING: CDP support for Firefox is deprecated and will be removed in future versions. Please switch to WebDriver BiDi.
]]></system-err>
  </testcase>
  <testcase name="createcontact[Dr., Helen, TJK, Self Generated, Psychatrist, helen@gmail.com, 8986773456, Health](1)" classname="testPackage.ContactsTest" time="32.892"/>
  <testcase name="logout" classname="testPackage.ContactsTest" time="17.888">
    <failure message="Cyclic object value&#10;Build info: version: &apos;4.27.0&apos;, revision: &apos;d6e718d134&apos;&#10;System info: os.name: &apos;Windows 11&apos;, os.arch: &apos;amd64&apos;, os.version: &apos;10.0&apos;, java.version: &apos;21.0.4&apos;&#10;Driver info: org.openqa.selenium.firefox.FirefoxDriver&#10;Command: [5a32adc4-6997-4f20-a6b9-84e447b25fad, actions {actions=[org.openqa.selenium.interactions.Sequence@65787f7b]}]&#10;Capabilities {acceptInsecureCerts: true, browserName: firefox, browserVersion: 136.0.1, moz:accessibilityChecks: false, moz:buildID: 20250310180126, moz:debuggerAddress: 127.0.0.1:2360, moz:geckodriverVersion: 0.36.0, moz:headless: false, moz:platformVersion: 10.0, moz:processID: 23244, moz:profile: C:\Users\ALINA\AppData\Loca..., moz:shutdownTimeout: 60000, moz:webdriverClick: true, moz:windowless: false, pageLoadStrategy: normal, platformName: windows, proxy: Proxy(), se:cdp: ws://127.0.0.1:2360/devtool..., se:cdpVersion: 85.0, setWindowRect: true, strictFileInteractability: false, timeouts: {implicit: 0, pageLoad: 300000, script: 30000}, unhandledPromptBehavior: dismiss and notify, userAgent: Mozilla/5.0 (Windows NT 10....}&#10;Session ID: 5a32adc4-6997-4f20-a6b9-84e447b25fad" type="org.openqa.selenium.JavascriptException"><![CDATA[org.openqa.selenium.JavascriptException: 
Cyclic object value
Build info: version: '4.27.0', revision: 'd6e718d134'
System info: os.name: 'Windows 11', os.arch: 'amd64', os.version: '10.0', java.version: '21.0.4'
Driver info: org.openqa.selenium.firefox.FirefoxDriver
Command: [5a32adc4-6997-4f20-a6b9-84e447b25fad, actions {actions=[org.openqa.selenium.interactions.Sequence@65787f7b]}]
Capabilities {acceptInsecureCerts: true, browserName: firefox, browserVersion: 136.0.1, moz:accessibilityChecks: false, moz:buildID: 20250310180126, moz:debuggerAddress: 127.0.0.1:2360, moz:geckodriverVersion: 0.36.0, moz:headless: false, moz:platformVersion: 10.0, moz:processID: 23244, moz:profile: C:\Users\ALINA\AppData\Loca..., moz:shutdownTimeout: 60000, moz:webdriverClick: true, moz:windowless: false, pageLoadStrategy: normal, platformName: windows, proxy: Proxy(), se:cdp: ws://127.0.0.1:2360/devtool..., se:cdpVersion: 85.0, setWindowRect: true, strictFileInteractability: false, timeouts: {implicit: 0, pageLoad: 300000, script: 30000}, unhandledPromptBehavior: dismiss and notify, userAgent: Mozilla/5.0 (Windows NT 10....}
Session ID: 5a32adc4-6997-4f20-a6b9-84e447b25fad
	at java.base/jdk.internal.reflect.DirectConstructorHandleAccessor.newInstance(DirectConstructorHandleAccessor.java:62)
	at java.base/java.lang.reflect.Constructor.newInstanceWithCaller(Constructor.java:502)
	at java.base/java.lang.reflect.Constructor.newInstance(Constructor.java:486)
	at org.openqa.selenium.remote.ErrorCodec.decode(ErrorCodec.java:167)
	at org.openqa.selenium.remote.codec.w3c.W3CHttpResponseCodec.decode(W3CHttpResponseCodec.java:138)
	at org.openqa.selenium.remote.codec.w3c.W3CHttpResponseCodec.decode(W3CHttpResponseCodec.java:50)
	at org.openqa.selenium.remote.HttpCommandExecutor.execute(HttpCommandExecutor.java:190)
	at org.openqa.selenium.remote.service.DriverCommandExecutor.invokeExecute(DriverCommandExecutor.java:216)
	at org.openqa.selenium.remote.service.DriverCommandExecutor.execute(DriverCommandExecutor.java:174)
	at org.openqa.selenium.remote.RemoteWebDriver.execute(RemoteWebDriver.java:545)
	at org.openqa.selenium.remote.RemoteWebDriver.perform(RemoteWebDriver.java:631)
	at org.openqa.selenium.interactions.Actions$BuiltAction.perform(Actions.java:613)
	at org.openqa.selenium.interactions.Actions.perform(Actions.java:578)
	at utilities.GenericUtilities.mouseHoverOn(GenericUtilities.java:71)
	at objectRepository.HomePage.signOutLink(HomePage.java:60)
	at utilities.BaseClass.logout(BaseClass.java:64)
	at java.base/jdk.internal.reflect.DirectMethodHandleAccessor.invoke(DirectMethodHandleAccessor.java:103)
	at java.base/java.lang.reflect.Method.invoke(Method.java:580)
	at org.testng.internal.invokers.MethodInvocationHelper.invokeMethod(MethodInvocationHelper.java:141)
	at org.testng.internal.invokers.MethodInvocationHelper.invokeMethodConsideringTimeout(MethodInvocationHelper.java:71)
	at org.testng.internal.invokers.ConfigInvoker.invokeConfigurationMethod(ConfigInvoker.java:400)
	at org.testng.internal.invokers.ConfigInvoker.invokeConfigurations(ConfigInvoker.java:333)
	at org.testng.internal.invokers.TestInvoker.runConfigMethods(TestInvoker.java:833)
	at org.testng.internal.invokers.TestInvoker.runAfterConfigurations(TestInvoker.java:802)
	at org.testng.internal.invokers.TestInvoker.invokeMethod(TestInvoker.java:778)
	at org.testng.internal.invokers.TestInvoker.invokeTestMethod(TestInvoker.java:230)
	at org.testng.internal.invokers.MethodRunner.runInSequence(MethodRunner.java:63)
	at org.testng.internal.invokers.TestInvoker$MethodInvocationAgent.invoke(TestInvoker.java:992)
	at org.testng.internal.invokers.TestInvoker.invokeTestMethods(TestInvoker.java:203)
	at org.testng.internal.invokers.TestMethodWorker.invokeTestMethods(TestMethodWorker.java:154)
	at org.testng.internal.invokers.TestMethodWorker.run(TestMethodWorker.java:134)
	at java.base/java.util.ArrayList.forEach(ArrayList.java:1596)
	at org.testng.TestRunner.privateRun(TestRunner.java:739)
	at org.testng.TestRunner.run(TestRunner.java:614)
	at org.testng.SuiteRunner.runTest(SuiteRunner.java:421)
	at org.testng.SuiteRunner$SuiteWorker.run(SuiteRunner.java:463)
	at org.testng.internal.thread.ThreadUtil.lambda$execute$0(ThreadUtil.java:64)
	at java.base/java.util.concurrent.FutureTask.run(FutureTask.java:317)
	at java.base/java.util.concurrent.ThreadPoolExecutor.runWorker(ThreadPoolExecutor.java:1144)
	at java.base/java.util.concurrent.ThreadPoolExecutor$Worker.run(ThreadPoolExecutor.java:642)
	at java.base/java.lang.Thread.run(Thread.java:1583)
]]></failure>
  </testcase>
  <testcase name="logout" classname="testPackage.ContactsTest" time="0.15">
    <failure message="Cyclic object value&#10;Build info: version: &apos;4.27.0&apos;, revision: &apos;d6e718d134&apos;&#10;System info: os.name: &apos;Windows 11&apos;, os.arch: &apos;amd64&apos;, os.version: &apos;10.0&apos;, java.version: &apos;21.0.4&apos;&#10;Driver info: org.openqa.selenium.firefox.FirefoxDriver&#10;Command: [94194226-2d3f-49e8-be9b-e7703a4b26b5, actions {actions=[org.openqa.selenium.interactions.Sequence@257da58a]}]&#10;Capabilities {acceptInsecureCerts: true, browserName: firefox, browserVersion: 136.0.1, moz:accessibilityChecks: false, moz:buildID: 20250310180126, moz:debuggerAddress: 127.0.0.1:9284, moz:geckodriverVersion: 0.36.0, moz:headless: false, moz:platformVersion: 10.0, moz:processID: 18868, moz:profile: C:\Users\ALINA\AppData\Loca..., moz:shutdownTimeout: 60000, moz:webdriverClick: true, moz:windowless: false, pageLoadStrategy: normal, platformName: windows, proxy: Proxy(), se:cdp: ws://127.0.0.1:9284/devtool..., se:cdpVersion: 85.0, setWindowRect: true, strictFileInteractability: false, timeouts: {implicit: 0, pageLoad: 300000, script: 30000}, unhandledPromptBehavior: dismiss and notify, userAgent: Mozilla/5.0 (Windows NT 10....}&#10;Session ID: 94194226-2d3f-49e8-be9b-e7703a4b26b5" type="org.openqa.selenium.JavascriptException"><![CDATA[org.openqa.selenium.JavascriptException: 
Cyclic object value
Build info: version: '4.27.0', revision: 'd6e718d134'
System info: os.name: 'Windows 11', os.arch: 'amd64', os.version: '10.0', java.version: '21.0.4'
Driver info: org.openqa.selenium.firefox.FirefoxDriver
Command: [94194226-2d3f-49e8-be9b-e7703a4b26b5, actions {actions=[org.openqa.selenium.interactions.Sequence@257da58a]}]
Capabilities {acceptInsecureCerts: true, browserName: firefox, browserVersion: 136.0.1, moz:accessibilityChecks: false, moz:buildID: 20250310180126, moz:debuggerAddress: 127.0.0.1:9284, moz:geckodriverVersion: 0.36.0, moz:headless: false, moz:platformVersion: 10.0, moz:processID: 18868, moz:profile: C:\Users\ALINA\AppData\Loca..., moz:shutdownTimeout: 60000, moz:webdriverClick: true, moz:windowless: false, pageLoadStrategy: normal, platformName: windows, proxy: Proxy(), se:cdp: ws://127.0.0.1:9284/devtool..., se:cdpVersion: 85.0, setWindowRect: true, strictFileInteractability: false, timeouts: {implicit: 0, pageLoad: 300000, script: 30000}, unhandledPromptBehavior: dismiss and notify, userAgent: Mozilla/5.0 (Windows NT 10....}
Session ID: 94194226-2d3f-49e8-be9b-e7703a4b26b5
	at java.base/jdk.internal.reflect.DirectConstructorHandleAccessor.newInstance(DirectConstructorHandleAccessor.java:62)
	at java.base/java.lang.reflect.Constructor.newInstanceWithCaller(Constructor.java:502)
	at java.base/java.lang.reflect.Constructor.newInstance(Constructor.java:486)
	at org.openqa.selenium.remote.ErrorCodec.decode(ErrorCodec.java:167)
	at org.openqa.selenium.remote.codec.w3c.W3CHttpResponseCodec.decode(W3CHttpResponseCodec.java:138)
	at org.openqa.selenium.remote.codec.w3c.W3CHttpResponseCodec.decode(W3CHttpResponseCodec.java:50)
	at org.openqa.selenium.remote.HttpCommandExecutor.execute(HttpCommandExecutor.java:190)
	at org.openqa.selenium.remote.service.DriverCommandExecutor.invokeExecute(DriverCommandExecutor.java:216)
	at org.openqa.selenium.remote.service.DriverCommandExecutor.execute(DriverCommandExecutor.java:174)
	at org.openqa.selenium.remote.RemoteWebDriver.execute(RemoteWebDriver.java:545)
	at org.openqa.selenium.remote.RemoteWebDriver.perform(RemoteWebDriver.java:631)
	at org.openqa.selenium.interactions.Actions$BuiltAction.perform(Actions.java:613)
	at org.openqa.selenium.interactions.Actions.perform(Actions.java:578)
	at utilities.GenericUtilities.mouseHoverOn(GenericUtilities.java:71)
	at objectRepository.HomePage.signOutLink(HomePage.java:60)
	at utilities.BaseClass.logout(BaseClass.java:64)
	at java.base/jdk.internal.reflect.DirectMethodHandleAccessor.invoke(DirectMethodHandleAccessor.java:103)
	at java.base/java.lang.reflect.Method.invoke(Method.java:580)
	at org.testng.internal.invokers.MethodInvocationHelper.invokeMethod(MethodInvocationHelper.java:141)
	at org.testng.internal.invokers.MethodInvocationHelper.invokeMethodConsideringTimeout(MethodInvocationHelper.java:71)
	at org.testng.internal.invokers.ConfigInvoker.invokeConfigurationMethod(ConfigInvoker.java:400)
	at org.testng.internal.invokers.ConfigInvoker.invokeConfigurations(ConfigInvoker.java:333)
	at org.testng.internal.invokers.TestInvoker.runConfigMethods(TestInvoker.java:833)
	at org.testng.internal.invokers.TestInvoker.runAfterConfigurations(TestInvoker.java:802)
	at org.testng.internal.invokers.TestInvoker.invokeMethod(TestInvoker.java:622)
	at org.testng.internal.invokers.TestInvoker.invokeTestMethod(TestInvoker.java:230)
	at org.testng.internal.invokers.MethodRunner.runInSequence(MethodRunner.java:63)
	at org.testng.internal.invokers.TestInvoker$MethodInvocationAgent.invoke(TestInvoker.java:992)
	at org.testng.internal.invokers.TestInvoker.invokeTestMethods(TestInvoker.java:203)
	at org.testng.internal.invokers.TestMethodWorker.invokeTestMethods(TestMethodWorker.java:154)
	at org.testng.internal.invokers.TestMethodWorker.run(TestMethodWorker.java:134)
	at java.base/java.util.ArrayList.forEach(ArrayList.java:1596)
	at org.testng.TestRunner.privateRun(TestRunner.java:739)
	at org.testng.TestRunner.run(TestRunner.java:614)
	at org.testng.SuiteRunner.runTest(SuiteRunner.java:421)
	at org.testng.SuiteRunner$SuiteWorker.run(SuiteRunner.java:463)
	at org.testng.internal.thread.ThreadUtil.lambda$execute$0(ThreadUtil.java:64)
	at java.base/java.util.concurrent.FutureTask.run(FutureTask.java:317)
	at java.base/java.util.concurrent.ThreadPoolExecutor.runWorker(ThreadPoolExecutor.java:1144)
	at java.base/java.util.concurrent.ThreadPoolExecutor$Worker.run(ThreadPoolExecutor.java:642)
	at java.base/java.lang.Thread.run(Thread.java:1583)
]]></failure>
  </testcase>
  <testcase name="logout" classname="testPackage.ContactsTest" time="1.668">
    <failure message="Cyclic object value&#10;Build info: version: &apos;4.27.0&apos;, revision: &apos;d6e718d134&apos;&#10;System info: os.name: &apos;Windows 11&apos;, os.arch: &apos;amd64&apos;, os.version: &apos;10.0&apos;, java.version: &apos;21.0.4&apos;&#10;Driver info: org.openqa.selenium.firefox.FirefoxDriver&#10;Command: [593aa61d-74b9-47d7-b80f-6bcb10c48f0a, actions {actions=[org.openqa.selenium.interactions.Sequence@67bac305]}]&#10;Capabilities {acceptInsecureCerts: true, browserName: firefox, browserVersion: 136.0.1, moz:accessibilityChecks: false, moz:buildID: 20250310180126, moz:debuggerAddress: 127.0.0.1:15141, moz:geckodriverVersion: 0.36.0, moz:headless: false, moz:platformVersion: 10.0, moz:processID: 31428, moz:profile: C:\Users\ALINA\AppData\Loca..., moz:shutdownTimeout: 60000, moz:webdriverClick: true, moz:windowless: false, pageLoadStrategy: normal, platformName: windows, proxy: Proxy(), se:cdp: ws://127.0.0.1:15141/devtoo..., se:cdpVersion: 85.0, setWindowRect: true, strictFileInteractability: false, timeouts: {implicit: 0, pageLoad: 300000, script: 30000}, unhandledPromptBehavior: dismiss and notify, userAgent: Mozilla/5.0 (Windows NT 10....}&#10;Session ID: 593aa61d-74b9-47d7-b80f-6bcb10c48f0a" type="org.openqa.selenium.JavascriptException"><![CDATA[org.openqa.selenium.JavascriptException: 
Cyclic object value
Build info: version: '4.27.0', revision: 'd6e718d134'
System info: os.name: 'Windows 11', os.arch: 'amd64', os.version: '10.0', java.version: '21.0.4'
Driver info: org.openqa.selenium.firefox.FirefoxDriver
Command: [593aa61d-74b9-47d7-b80f-6bcb10c48f0a, actions {actions=[org.openqa.selenium.interactions.Sequence@67bac305]}]
Capabilities {acceptInsecureCerts: true, browserName: firefox, browserVersion: 136.0.1, moz:accessibilityChecks: false, moz:buildID: 20250310180126, moz:debuggerAddress: 127.0.0.1:15141, moz:geckodriverVersion: 0.36.0, moz:headless: false, moz:platformVersion: 10.0, moz:processID: 31428, moz:profile: C:\Users\ALINA\AppData\Loca..., moz:shutdownTimeout: 60000, moz:webdriverClick: true, moz:windowless: false, pageLoadStrategy: normal, platformName: windows, proxy: Proxy(), se:cdp: ws://127.0.0.1:15141/devtoo..., se:cdpVersion: 85.0, setWindowRect: true, strictFileInteractability: false, timeouts: {implicit: 0, pageLoad: 300000, script: 30000}, unhandledPromptBehavior: dismiss and notify, userAgent: Mozilla/5.0 (Windows NT 10....}
Session ID: 593aa61d-74b9-47d7-b80f-6bcb10c48f0a
	at java.base/jdk.internal.reflect.DirectConstructorHandleAccessor.newInstance(DirectConstructorHandleAccessor.java:62)
	at java.base/java.lang.reflect.Constructor.newInstanceWithCaller(Constructor.java:502)
	at java.base/java.lang.reflect.Constructor.newInstance(Constructor.java:486)
	at org.openqa.selenium.remote.ErrorCodec.decode(ErrorCodec.java:167)
	at org.openqa.selenium.remote.codec.w3c.W3CHttpResponseCodec.decode(W3CHttpResponseCodec.java:138)
	at org.openqa.selenium.remote.codec.w3c.W3CHttpResponseCodec.decode(W3CHttpResponseCodec.java:50)
	at org.openqa.selenium.remote.HttpCommandExecutor.execute(HttpCommandExecutor.java:190)
	at org.openqa.selenium.remote.service.DriverCommandExecutor.invokeExecute(DriverCommandExecutor.java:216)
	at org.openqa.selenium.remote.service.DriverCommandExecutor.execute(DriverCommandExecutor.java:174)
	at org.openqa.selenium.remote.RemoteWebDriver.execute(RemoteWebDriver.java:545)
	at org.openqa.selenium.remote.RemoteWebDriver.perform(RemoteWebDriver.java:631)
	at org.openqa.selenium.interactions.Actions$BuiltAction.perform(Actions.java:613)
	at org.openqa.selenium.interactions.Actions.perform(Actions.java:578)
	at utilities.GenericUtilities.mouseHoverOn(GenericUtilities.java:71)
	at objectRepository.HomePage.signOutLink(HomePage.java:60)
	at utilities.BaseClass.logout(BaseClass.java:64)
	at java.base/jdk.internal.reflect.DirectMethodHandleAccessor.invoke(DirectMethodHandleAccessor.java:103)
	at java.base/java.lang.reflect.Method.invoke(Method.java:580)
	at org.testng.internal.invokers.MethodInvocationHelper.invokeMethod(MethodInvocationHelper.java:141)
	at org.testng.internal.invokers.MethodInvocationHelper.invokeMethodConsideringTimeout(MethodInvocationHelper.java:71)
	at org.testng.internal.invokers.ConfigInvoker.invokeConfigurationMethod(ConfigInvoker.java:400)
	at org.testng.internal.invokers.ConfigInvoker.invokeConfigurations(ConfigInvoker.java:333)
	at org.testng.internal.invokers.TestInvoker.runConfigMethods(TestInvoker.java:833)
	at org.testng.internal.invokers.TestInvoker.runAfterConfigurations(TestInvoker.java:802)
	at org.testng.internal.invokers.TestInvoker.invokeMethod(TestInvoker.java:622)
	at org.testng.internal.invokers.TestInvoker.invokeTestMethod(TestInvoker.java:230)
	at org.testng.internal.invokers.MethodRunner.runInSequence(MethodRunner.java:63)
	at org.testng.internal.invokers.TestInvoker$MethodInvocationAgent.invoke(TestInvoker.java:992)
	at org.testng.internal.invokers.TestInvoker.invokeTestMethods(TestInvoker.java:203)
	at org.testng.internal.invokers.TestMethodWorker.invokeTestMethods(TestMethodWorker.java:154)
	at org.testng.internal.invokers.TestMethodWorker.run(TestMethodWorker.java:134)
	at java.base/java.util.ArrayList.forEach(ArrayList.java:1596)
	at org.testng.TestRunner.privateRun(TestRunner.java:739)
	at org.testng.TestRunner.run(TestRunner.java:614)
	at org.testng.SuiteRunner.runTest(SuiteRunner.java:421)
	at org.testng.SuiteRunner$SuiteWorker.run(SuiteRunner.java:463)
	at org.testng.internal.thread.ThreadUtil.lambda$execute$0(ThreadUtil.java:64)
	at java.base/java.util.concurrent.FutureTask.run(FutureTask.java:317)
	at java.base/java.util.concurrent.ThreadPoolExecutor.runWorker(ThreadPoolExecutor.java:1144)
	at java.base/java.util.concurrent.ThreadPoolExecutor$Worker.run(ThreadPoolExecutor.java:642)
	at java.base/java.lang.Thread.run(Thread.java:1583)
]]></failure>
  </testcase>
  <testcase name="createcontact[Mr., Jaison, KM, Existing Customer, Developer, jaison@gmail.com, 9786773456, IT](2)" classname="testPackage.ContactsTest" time="0.0">
    <skipped message="Cyclic object value&#10;Build info: version: &apos;4.27.0&apos;, revision: &apos;d6e718d134&apos;&#10;System info: os.name: &apos;Windows 11&apos;, os.arch: &apos;amd64&apos;, os.version: &apos;10.0&apos;, java.version: &apos;21.0.4&apos;&#10;Driver info: org.openqa.selenium.firefox.FirefoxDriver&#10;Command: [5a32adc4-6997-4f20-a6b9-84e447b25fad, actions {actions=[org.openqa.selenium.interactions.Sequence@65787f7b]}]&#10;Capabilities {acceptInsecureCerts: true, browserName: firefox, browserVersion: 136.0.1, moz:accessibilityChecks: false, moz:buildID: 20250310180126, moz:debuggerAddress: 127.0.0.1:2360, moz:geckodriverVersion: 0.36.0, moz:headless: false, moz:platformVersion: 10.0, moz:processID: 23244, moz:profile: C:\Users\ALINA\AppData\Loca..., moz:shutdownTimeout: 60000, moz:webdriverClick: true, moz:windowless: false, pageLoadStrategy: normal, platformName: windows, proxy: Proxy(), se:cdp: ws://127.0.0.1:2360/devtool..., se:cdpVersion: 85.0, setWindowRect: true, strictFileInteractability: false, timeouts: {implicit: 0, pageLoad: 300000, script: 30000}, unhandledPromptBehavior: dismiss and notify, userAgent: Mozilla/5.0 (Windows NT 10....}&#10;Session ID: 5a32adc4-6997-4f20-a6b9-84e447b25fad"/>
  </testcase>
  <testcase name="createcontact[Mr., Jaison, KM, Existing Customer, Developer, jaison@gmail.com, 9786773456, IT](2)" classname="testPackage.ContactsTest" time="12.362">
    <system-err><![CDATA[Mar 17, 2025 2:16:26 PM org.openqa.selenium.devtools.CdpVersionFinder findNearestMatch
WARNING: Unable to find an exact match for CDP version 134, returning the closest version; found: 131; Please update to a Selenium version that supports CDP version 134
]]></system-err>
  </testcase>
  <testcase name="createcontact[Mr., Jaison, KM, Existing Customer, Developer, jaison@gmail.com, 9786773456, IT](2)" classname="testPackage.ContactsTest" time="24.502">
    <system-err><![CDATA[Mar 17, 2025 2:16:57 PM org.openqa.selenium.devtools.CdpVersionFinder findNearestMatch
WARNING: Unable to find an exact match for CDP version 134, returning the closest version; found: 131; Please update to a Selenium version that supports CDP version 134
]]></system-err>
  </testcase>
  <testcase name="createcontact[Ms., Sneha, MK, Employee, Devops, sneha@gmail.com, 9586773456, Networking](3)" classname="testPackage.ContactsTest" time="0.0">
    <skipped message="Cyclic object value&#10;Build info: version: &apos;4.27.0&apos;, revision: &apos;d6e718d134&apos;&#10;System info: os.name: &apos;Windows 11&apos;, os.arch: &apos;amd64&apos;, os.version: &apos;10.0&apos;, java.version: &apos;21.0.4&apos;&#10;Driver info: org.openqa.selenium.firefox.FirefoxDriver&#10;Command: [5a32adc4-6997-4f20-a6b9-84e447b25fad, actions {actions=[org.openqa.selenium.interactions.Sequence@65787f7b]}]&#10;Capabilities {acceptInsecureCerts: true, browserName: firefox, browserVersion: 136.0.1, moz:accessibilityChecks: false, moz:buildID: 20250310180126, moz:debuggerAddress: 127.0.0.1:2360, moz:geckodriverVersion: 0.36.0, moz:headless: false, moz:platformVersion: 10.0, moz:processID: 23244, moz:profile: C:\Users\ALINA\AppData\Loca..., moz:shutdownTimeout: 60000, moz:webdriverClick: true, moz:windowless: false, pageLoadStrategy: normal, platformName: windows, proxy: Proxy(), se:cdp: ws://127.0.0.1:2360/devtool..., se:cdpVersion: 85.0, setWindowRect: true, strictFileInteractability: false, timeouts: {implicit: 0, pageLoad: 300000, script: 30000}, unhandledPromptBehavior: dismiss and notify, userAgent: Mozilla/5.0 (Windows NT 10....}&#10;Session ID: 5a32adc4-6997-4f20-a6b9-84e447b25fad"/>
    <system-err><![CDATA[Mar 17, 2025 2:16:04 PM org.openqa.selenium.firefox.FirefoxDriver <init>
WARNING: CDP support for Firefox is deprecated and will be removed in future versions. Please switch to WebDriver BiDi.
Mar 17, 2025 2:16:12 PM org.openqa.selenium.devtools.CdpVersionFinder findNearestMatch
WARNING: Unable to find an exact match for CDP version 134, returning the closest version; found: 131; Please update to a Selenium version that supports CDP version 134
]]></system-err>
  </testcase>
  <testcase name="createcontact[Ms., Sneha, MK, Employee, Devops, sneha@gmail.com, 9586773456, Networking](3)" classname="testPackage.ContactsTest" time="10.332">
    <system-err><![CDATA[Mar 17, 2025 2:17:08 PM org.openqa.selenium.devtools.CdpVersionFinder findNearestMatch
WARNING: Unable to find an exact match for CDP version 134, returning the closest version; found: 131; Please update to a Selenium version that supports CDP version 134
]]></system-err>
  </testcase>
  <testcase name="createcontact[Ms., Sneha, MK, Employee, Devops, sneha@gmail.com, 9586773456, Networking](3)" classname="testPackage.ContactsTest" time="16.046"/>
</testsuite>